2019-09-19 12:51:25,810 [MainThread  ] [INFO ]  Reading and processing data/raw/reviews_Books.json.gz
2019-09-19 12:51:31,028 [MainThread  ] [INFO ]  Creating user map dictionary
2019-09-19 12:51:35,906 [MainThread  ] [INFO ]  Sorting reviews for every user on time
2019-09-19 12:51:35,939 [MainThread  ] [INFO ]  Writing product item map
2019-09-19 12:51:58,887 [MainThread  ] [INFO ]  Reading and processing data/raw/reviews_Books.json.gz
2019-09-19 12:55:16,492 [MainThread  ] [INFO ]  Reading and processing data/raw/reviews_Books.json.gz
2019-09-19 13:02:30,823 [MainThread  ] [INFO ]  Creating user map dictionary
2019-09-19 13:02:50,055 [MainThread  ] [INFO ]  Reading and processing data/raw/reviews_Books.json.gz
2019-09-19 13:02:55,027 [MainThread  ] [INFO ]  Creating user map dictionary
2019-09-19 13:02:59,596 [MainThread  ] [INFO ]  Sorting reviews for every user on time
2019-09-19 13:02:59,620 [MainThread  ] [INFO ]  Writing product item map
2019-09-19 13:03:14,273 [MainThread  ] [INFO ]  Reading and processing data/raw/reviews_Books.json.gz
2019-09-19 13:03:19,108 [MainThread  ] [INFO ]  Creating user map dictionary
2019-09-19 13:03:23,737 [MainThread  ] [INFO ]  Sorting reviews for every user on time
2019-09-19 13:03:23,762 [MainThread  ] [INFO ]  Writing product item map
2019-09-19 13:10:19,338 [MainThread  ] [INFO ]  Average sequence length: 6.98
2019-09-19 13:11:31,947 [MainThread  ] [INFO ]  Average sequence length: 6.98
2019-09-19 15:36:50,959 [MainThread  ] [INFO ]  Average sequence length: 6.98
2019-09-19 16:17:34,499 [MainThread  ] [INFO ]  Average sequence length: 6.98
2019-09-19 16:17:41,578 [MainThread  ] [INFO ]  Average sequence length: 6.98
2019-09-19 16:17:42,797 [MainThread  ] [INFO ]  Average sequence length: 6.98
2019-09-19 16:17:44,514 [MainThread  ] [INFO ]  Average sequence length: 6.98
2019-09-19 16:18:39,402 [MainThread  ] [INFO ]  Average sequence length: 6.98
2019-09-19 16:24:25,390 [MainThread  ] [INFO ]  Average sequence length: 6.98
2019-09-19 16:24:42,699 [MainThread  ] [INFO ]  Average sequence length: 6.98
2019-09-19 16:24:53,176 [MainThread  ] [INFO ]  Average sequence length: 6.98
2019-09-19 16:24:58,858 [MainThread  ] [INFO ]  Average sequence length: 6.98
2019-09-19 16:25:05,910 [MainThread  ] [INFO ]  Average sequence length: 6.98
2019-09-19 16:37:15,811 [MainThread  ] [INFO ]  Average sequence length: 6.98
2019-09-19 16:37:50,560 [MainThread  ] [INFO ]  Average sequence length: 6.98
2019-09-19 16:38:01,458 [MainThread  ] [INFO ]  Average sequence length: 6.98
2019-09-19 16:38:06,885 [MainThread  ] [INFO ]  Average sequence length: 6.98
2019-09-19 16:38:12,245 [MainThread  ] [INFO ]  Average sequence length: 6.98
2019-09-19 16:38:19,953 [MainThread  ] [INFO ]  Average sequence length: 6.98
2019-09-19 16:39:43,381 [MainThread  ] [INFO ]  Average sequence length: 6.98
2019-09-19 16:39:58,418 [MainThread  ] [INFO ]  Average sequence length: 6.98
2019-09-19 16:40:22,661 [MainThread  ] [INFO ]  Average sequence length: 6.98
2019-09-19 16:40:45,958 [MainThread  ] [INFO ]  Average sequence length: 6.98
2019-09-19 16:41:25,322 [MainThread  ] [INFO ]  Average sequence length: 6.98
2019-09-19 16:41:31,898 [MainThread  ] [INFO ]  Average sequence length: 6.98
2019-09-19 16:42:15,143 [MainThread  ] [INFO ]  Average sequence length: 6.98
2019-09-19 16:42:28,479 [MainThread  ] [INFO ]  Average sequence length: 6.98
2019-09-19 16:42:57,896 [MainThread  ] [INFO ]  Average sequence length: 6.98
2019-09-19 16:43:29,381 [MainThread  ] [INFO ]  Average sequence length: 6.98
2019-09-19 16:43:45,260 [MainThread  ] [INFO ]  Average sequence length: 6.98
2019-09-19 16:43:53,582 [MainThread  ] [INFO ]  Average sequence length: 6.98
2019-09-19 16:44:22,212 [MainThread  ] [INFO ]  Average sequence length: 6.98
2019-09-19 16:45:09,912 [MainThread  ] [INFO ]  Average sequence length: 6.98
2019-09-19 16:45:35,897 [MainThread  ] [INFO ]  Average sequence length: 6.98
2019-09-19 16:45:50,023 [MainThread  ] [INFO ]  Average sequence length: 6.98
2019-09-19 16:48:14,634 [MainThread  ] [INFO ]  Average sequence length: 6.98
2019-09-19 16:48:23,311 [MainThread  ] [INFO ]  Average sequence length: 6.98
2019-09-19 16:48:37,756 [MainThread  ] [INFO ]  Average sequence length: 6.98
2019-09-19 16:48:55,416 [MainThread  ] [INFO ]  Average sequence length: 6.98
2019-09-19 16:49:02,850 [MainThread  ] [INFO ]  Average sequence length: 6.98
2019-09-19 16:49:12,908 [MainThread  ] [INFO ]  Average sequence length: 6.98
2019-09-19 16:49:50,318 [MainThread  ] [INFO ]  Average sequence length: 6.98
2019-09-19 16:50:01,075 [MainThread  ] [INFO ]  Average sequence length: 6.98
2019-09-19 16:50:12,230 [MainThread  ] [INFO ]  Average sequence length: 6.98
2019-09-19 16:50:32,921 [MainThread  ] [INFO ]  Average sequence length: 6.98
2019-09-19 16:50:50,597 [MainThread  ] [INFO ]  Average sequence length: 6.98
2019-09-19 16:51:02,003 [MainThread  ] [INFO ]  Average sequence length: 6.98
2019-09-19 16:51:06,108 [MainThread  ] [INFO ]  Average sequence length: 6.98
2019-09-19 16:51:14,013 [MainThread  ] [INFO ]  Average sequence length: 6.98
2019-09-19 16:51:54,852 [MainThread  ] [INFO ]  Average sequence length: 6.98
2019-09-19 17:10:33,457 [MainThread  ] [INFO ]  Average sequence length: 6.98
2019-09-19 17:12:12,792 [MainThread  ] [INFO ]  Average sequence length: 6.98
2019-09-19 17:12:23,136 [MainThread  ] [INFO ]  Average sequence length: 6.98
2019-09-19 17:12:37,695 [MainThread  ] [INFO ]  Average sequence length: 6.98
2019-09-19 17:12:47,674 [MainThread  ] [INFO ]  Average sequence length: 6.98
2019-09-19 17:13:56,107 [MainThread  ] [INFO ]  Average sequence length: 6.98
2019-09-19 17:14:01,156 [MainThread  ] [INFO ]  Average sequence length: 6.98
2019-09-19 17:16:29,080 [MainThread  ] [INFO ]  Average sequence length: 6.98
2019-09-19 17:16:36,494 [MainThread  ] [INFO ]  Average sequence length: 6.98
2019-09-19 17:17:44,980 [MainThread  ] [INFO ]  Average sequence length: 6.98
2019-09-19 17:18:36,934 [MainThread  ] [INFO ]  Average sequence length: 6.98
2019-09-19 17:18:55,768 [MainThread  ] [INFO ]  Average sequence length: 6.98
2019-09-19 17:19:23,526 [MainThread  ] [INFO ]  Average sequence length: 6.98
2019-09-19 17:19:35,721 [MainThread  ] [INFO ]  Average sequence length: 6.98
2019-09-19 17:19:46,831 [MainThread  ] [INFO ]  Average sequence length: 6.98
2019-09-19 17:20:06,451 [MainThread  ] [INFO ]  Average sequence length: 6.98
2019-09-19 17:20:57,642 [MainThread  ] [INFO ]  Average sequence length: 6.98
2019-09-19 17:21:50,643 [MainThread  ] [INFO ]  Average sequence length: 6.98
2019-09-19 17:21:59,432 [MainThread  ] [INFO ]  Average sequence length: 6.98
2019-09-19 17:22:18,699 [MainThread  ] [INFO ]  Average sequence length: 6.98
2019-09-19 17:22:36,963 [MainThread  ] [INFO ]  Average sequence length: 6.98
2019-09-19 17:23:16,843 [MainThread  ] [INFO ]  Average sequence length: 6.98
2019-09-19 17:24:35,006 [MainThread  ] [INFO ]  Average sequence length: 6.98
2019-09-19 17:26:14,439 [MainThread  ] [INFO ]  Average sequence length: 6.98
2019-09-19 17:26:23,313 [MainThread  ] [INFO ]  Average sequence length: 6.98
2019-09-19 17:26:46,103 [MainThread  ] [INFO ]  Average sequence length: 6.98
2019-09-19 17:27:17,584 [MainThread  ] [INFO ]  Average sequence length: 6.98
2019-09-19 17:27:39,596 [MainThread  ] [INFO ]  Average sequence length: 6.98
2019-09-19 17:30:49,578 [MainThread  ] [INFO ]  Average sequence length: 6.98
